<?xml version="1.0" encoding="UTF-8"?>
<!-- Generated by org.testng.reporters.JUnitReportReporter -->
<testsuite hostname="DESKTOP-2L70A79" failures="0" tests="1" name="testScripts.CreateLeadTest" time="13.312" errors="0" timestamp="2024-03-15T13:54:36 IST" skipped="0">
  <testcase classname="testScripts.CreateLeadTest" name="createNewLeadTest" time="13.312"/>
  <system-out/>
</testsuite> <!-- testScripts.CreateLeadTest -->
