<?xml version="1.0" encoding="UTF-8"?>
<!-- Generated by org.testng.reporters.JUnitReportReporter -->
<testsuite hostname="LAPTOP-H7R7DK85" failures="0" tests="1" name="testScripts.CreateOrgTest" time="51.703" errors="0" timestamp="2024-03-22T15:50:21 IST" skipped="0">
  <testcase classname="testScripts.CreateOrgTest" name="createNewOrgTest" time="51.703"/>
  <system-out/>
</testsuite> <!-- testScripts.CreateOrgTest -->
