<?xml version="1.0" encoding="UTF-8"?>
<!-- Generated by org.testng.reporters.JUnitReportReporter -->
<testsuite hostname="DESKTOP-2L70A79" failures="0" tests="1" name="testScripts.CreateOrgWithTypeAndIndustryTest" time="11.821" errors="0" timestamp="2024-03-15T13:54:36 IST" skipped="0">
  <testcase classname="testScripts.CreateOrgWithTypeAndIndustryTest" name="createOrgWithTypeAndIndustryTest" time="11.821"/>
  <system-out/>
</testsuite> <!-- testScripts.CreateOrgWithTypeAndIndustryTest -->
