<?xml version="1.0" encoding="UTF-8"?>
<!-- Generated by org.testng.reporters.JUnitReportReporter -->
<testsuite hostname="DESKTOP-2L70A79" failures="0" tests="1" name="testScripts.CreateLeadTest" time="13.451" errors="0" timestamp="2024-03-06T14:13:33 IST" skipped="0">
  <testcase classname="testScripts.CreateLeadTest" name="createNewLeadTest" time="13.451"/>
  <system-out/>
</testsuite> <!-- testScripts.CreateLeadTest -->
