<?xml version="1.0" encoding="UTF-8"?>
<!-- Generated by org.testng.reporters.JUnitReportReporter -->
<testsuite hostname="DESKTOP-2L70A79" failures="0" tests="1" name="testScripts.CreateEventTest" time="7.486" errors="0" timestamp="2024-03-05T14:04:21 IST" skipped="0">
  <testcase classname="testScripts.CreateEventTest" name="createNewEventTest" time="7.486"/>
  <system-out/>
</testsuite> <!-- testScripts.CreateEventTest -->
