<?xml version="1.0" encoding="UTF-8"?>
<!-- Generated by org.testng.reporters.JUnitReportReporter -->
<testsuite hostname="DESKTOP-2L70A79" failures="0" tests="1" name="testScripts.CreateAndDuplicateLeadTest" time="19.609" errors="0" timestamp="2024-03-15T13:54:36 IST" skipped="0">
  <testcase classname="testScripts.CreateAndDuplicateLeadTest" name="createAndDuplicateLeadTest" time="19.609"/>
  <system-out/>
</testsuite> <!-- testScripts.CreateAndDuplicateLeadTest -->
