<?xml version="1.0" encoding="UTF-8"?>
<!-- Generated by org.testng.reporters.JUnitReportReporter -->
<testsuite hostname="DESKTOP-2L70A79" failures="0" tests="1" name="testScripts.CreateAndDeleteLeadTest" time="17.815" errors="0" timestamp="2024-03-07T12:50:19 IST" skipped="0">
  <testcase classname="testScripts.CreateAndDeleteLeadTest" name="createAndDeleteLeadTest" time="17.815"/>
  <system-out/>
</testsuite> <!-- testScripts.CreateAndDeleteLeadTest -->
