<?xml version="1.0" encoding="UTF-8"?>
<!-- Generated by org.testng.reporters.JUnitReportReporter -->
<testsuite hostname="DESKTOP-2L70A79" failures="0" tests="1" name="testScripts.CreateOrgWithTypeAndIndustryTest" time="12.162" errors="0" timestamp="2024-03-06T13:08:59 IST" skipped="0">
  <testcase classname="testScripts.CreateOrgWithTypeAndIndustryTest" name="createOrgWithTypeAndIndustryTest" time="12.162"/>
  <system-out/>
</testsuite> <!-- testScripts.CreateOrgWithTypeAndIndustryTest -->
