<?xml version="1.0" encoding="UTF-8"?>
<!-- Generated by org.testng.reporters.JUnitReportReporter -->
<testsuite hostname="DESKTOP-2L70A79" failures="0" tests="1" name="testScripts.CreateNewEventTest" time="12.493" errors="0" timestamp="2024-04-01T13:27:56 IST" skipped="0">
  <testcase classname="testScripts.CreateNewEventTest" name="createEventTest" time="12.493"/>
  <system-out/>
</testsuite> <!-- testScripts.CreateNewEventTest -->
