<?xml version="1.0" encoding="UTF-8"?>
<!-- Generated by org.testng.reporters.JUnitReportReporter -->
<testsuite hostname="DESKTOP-2L70A79" failures="0" tests="1" name="testScripts.CreateOrgTest" time="14.601" errors="0" timestamp="2024-03-06T13:01:41 IST" skipped="0">
  <testcase classname="testScripts.CreateOrgTest" name="createNewOrgTest" time="14.601"/>
  <system-out/>
</testsuite> <!-- testScripts.CreateOrgTest -->
