<?xml version="1.0" encoding="UTF-8"?>
<!-- Generated by org.testng.reporters.JUnitReportReporter -->
<testsuite hostname="DESKTOP-2L70A79" failures="0" tests="1" name="testScripts.CreateContactWithExistingOrgTest" time="15.291" errors="0" timestamp="2024-03-06T13:21:01 IST" skipped="0">
  <testcase classname="testScripts.CreateContactWithExistingOrgTest" name="createContactWithOrgTest" time="15.291"/>
  <system-out/>
</testsuite> <!-- testScripts.CreateContactWithExistingOrgTest -->
